#
# There is insufficient memory for the Java Runtime Environment to continue.
# Native memory allocation (malloc) failed to allocate 1247680 bytes. Error detail: Chunk::new
# Possible reasons:
#   The system is out of physical RAM or swap space
#   This process is running with CompressedOops enabled, and the Java Heap may be blocking the growth of the native heap
# Possible solutions:
#   Reduce memory load on the system
#   Increase physical memory or swap space
#   Check if swap backing store is full
#   Decrease Java heap size (-Xmx/-Xms)
#   Decrease number of Java threads
#   Decrease Java thread stack sizes (-Xss)
#   Set larger code cache with -XX:ReservedCodeCacheSize=
#   JVM is running with Unscaled Compressed Oops mode in which the Java heap is
#     placed in the first 4GB address space. The Java Heap base address is the
#     maximum limit for the native heap growth. Please use -XX:HeapBaseMinAddress
#     to set the Java Heap base and to place the Java Heap above 4GB virtual address.
# This output file may be truncated or incomplete.
#
#  Out of Memory Error (arena.cpp:168), pid=16952, tid=25980
#
# JRE version: OpenJDK Runtime Environment Temurin-21.0.10+7 (21.0.10+7) (build 21.0.10+7-LTS)
# Java VM: OpenJDK 64-Bit Server VM Temurin-21.0.10+7 (21.0.10+7-LTS, mixed mode, sharing, tiered, compressed oops, compressed class ptrs, parallel gc, windows-amd64)
# No core dump will be written. Minidumps are not enabled by default on client versions of Windows
#

---------------  S U M M A R Y ------------

Command Line: --add-modules=ALL-SYSTEM --add-opens=java.base/java.util=ALL-UNNAMED --add-opens=java.base/java.lang=ALL-UNNAMED --add-opens=java.base/sun.nio.fs=ALL-UNNAMED -Declipse.application=org.eclipse.jdt.ls.core.id1 -Dosgi.bundles.defaultStartLevel=4 -Declipse.product=org.eclipse.jdt.ls.core.product -Djava.import.generatesMetadataFilesAtProjectRoot=false -DDetectVMInstallationsJob.disabled=true -Dfile.encoding=utf8 -XX:+UseParallelGC -XX:GCTimeRatio=4 -XX:AdaptiveSizePolicyWeight=90 -Dsun.zip.disableMemoryMapping=true -Xmx2G -Xms100m -Xlog:disable -javaagent:c:\Users\seppu\.vscode\extensions\redhat.java-1.53.0-win32-x64\lombok\lombok-1.18.39-4050.jar -XX:+HeapDumpOnOutOfMemoryError -XX:HeapDumpPath=c:\Users\seppu\AppData\Roaming\Code\User\workspaceStorage\f8843cf598b79cefd6074bcf53cf639f\redhat.java -Daether.dependencyCollector.impl=bf c:\Users\seppu\.vscode\extensions\redhat.java-1.53.0-win32-x64\server\plugins\org.eclipse.equinox.launcher_1.7.100.v20251111-0406.jar -configuration c:\Users\seppu\AppData\Roaming\Code\User\globalStorage\redhat.java\1.53.0\config_win -data c:\Users\seppu\AppData\Roaming\Code\User\workspaceStorage\f8843cf598b79cefd6074bcf53cf639f\redhat.java\jdt_ws --pipe=\\.\pipe\lsp-a89a1b63d094dfd18314bddb6af88262-sock

Host: Intel(R) Core(TM) i5-6500 CPU @ 3.20GHz, 4 cores, 15G,  Windows 11 , 64 bit Build 22621 (10.0.22621.3958)
Time: Wed Mar 11 09:39:29 2026 West-Europa (standaardtijd) elapsed time: 6.619133 seconds (0d 0h 0m 6s)

---------------  T H R E A D  ---------------

Current thread (0x000001f8779f1a80):  JavaThread "C2 CompilerThread0" daemon [_thread_in_native, id=25980, stack(0x00000017b6600000,0x00000017b6700000) (1024K)]


Current CompileTask:
C2:6619 3074       4       org.eclipse.core.internal.dtree.DataTreeReader::readNode (248 bytes)

Stack: [0x00000017b6600000,0x00000017b6700000]
Native frames: (J=compiled Java code, j=interpreted, Vv=VM code, C=native code)
V  [jvm.dll+0x6d7a39]
V  [jvm.dll+0x8b4b26]
V  [jvm.dll+0x8b70de]
V  [jvm.dll+0x8b77c3]
V  [jvm.dll+0x284346]
V  [jvm.dll+0xc66ed]
V  [jvm.dll+0xc6c31]
V  [jvm.dll+0x3bec3b]
V  [jvm.dll+0x1e3f69]
V  [jvm.dll+0x24c6b3]
V  [jvm.dll+0x24bb40]
V  [jvm.dll+0x1cb34e]
V  [jvm.dll+0x25b85d]
V  [jvm.dll+0x259dea]
V  [jvm.dll+0x3f857e]
V  [jvm.dll+0x85f59d]
V  [jvm.dll+0x6d626d]
C  [ucrtbase.dll+0x29333]
C  [KERNEL32.DLL+0x1257d]
C  [ntdll.dll+0x5af08]


---------------  P R O C E S S  ---------------

Threads class SMR info:
_java_thread_list=0x000001f87d9bcbc0, length=19, elements={
0x000001f860ffc540, 0x000001f8779e6b50, 0x000001f8779e82c0, 0x000001f8779ea090,
0x000001f8779eb490, 0x000001f8779ee1c0, 0x000001f8779f0c40, 0x000001f8779f1a80,
0x000001f877a634f0, 0x000001f8787de580, 0x000001f8787fc060, 0x000001f87d49f2b0,
0x000001f87d49bed0, 0x000001f87d809610, 0x000001f87d7a1590, 0x000001f87d9086c0,
0x000001f87d853d60, 0x000001f87da17370, 0x000001f87ddcdf30
}

Java Threads: ( => current thread )
  0x000001f860ffc540 JavaThread "main"                              [_thread_blocked, id=19336, stack(0x00000017b5b00000,0x00000017b5c00000) (1024K)]
  0x000001f8779e6b50 JavaThread "Reference Handler"          daemon [_thread_blocked, id=22996, stack(0x00000017b6000000,0x00000017b6100000) (1024K)]
  0x000001f8779e82c0 JavaThread "Finalizer"                  daemon [_thread_blocked, id=26340, stack(0x00000017b6100000,0x00000017b6200000) (1024K)]
  0x000001f8779ea090 JavaThread "Signal Dispatcher"          daemon [_thread_blocked, id=25172, stack(0x00000017b6200000,0x00000017b6300000) (1024K)]
  0x000001f8779eb490 JavaThread "Attach Listener"            daemon [_thread_blocked, id=24896, stack(0x00000017b6300000,0x00000017b6400000) (1024K)]
  0x000001f8779ee1c0 JavaThread "Service Thread"             daemon [_thread_blocked, id=26612, stack(0x00000017b6400000,0x00000017b6500000) (1024K)]
  0x000001f8779f0c40 JavaThread "Monitor Deflation Thread"   daemon [_thread_blocked, id=26316, stack(0x00000017b6500000,0x00000017b6600000) (1024K)]
=>0x000001f8779f1a80 JavaThread "C2 CompilerThread0"         daemon [_thread_in_native, id=25980, stack(0x00000017b6600000,0x00000017b6700000) (1024K)]
  0x000001f877a634f0 JavaThread "C1 CompilerThread0"         daemon [_thread_blocked, id=25872, stack(0x00000017b6700000,0x00000017b6800000) (1024K)]
  0x000001f8787de580 JavaThread "Common-Cleaner"             daemon [_thread_blocked, id=26528, stack(0x00000017b6800000,0x00000017b6900000) (1024K)]
  0x000001f8787fc060 JavaThread "Notification Thread"        daemon [_thread_blocked, id=18376, stack(0x00000017b6900000,0x00000017b6a00000) (1024K)]
  0x000001f87d49f2b0 JavaThread "Active Thread: Equinox Container: 4dafe727-6ca8-4be0-b55a-0cbb9fa0af97"        [_thread_blocked, id=26000, stack(0x00000017b6e00000,0x00000017b6f00000) (1024K)]
  0x000001f87d49bed0 JavaThread "Refresh Thread: Equinox Container: 4dafe727-6ca8-4be0-b55a-0cbb9fa0af97" daemon [_thread_blocked, id=11744, stack(0x00000017b6f00000,0x00000017b7000000) (1024K)]
  0x000001f87d809610 JavaThread "Framework Event Dispatcher: Equinox Container: 4dafe727-6ca8-4be0-b55a-0cbb9fa0af97" daemon [_thread_blocked, id=20168, stack(0x00000017b6a00000,0x00000017b6b00000) (1024K)]
  0x000001f87d7a1590 JavaThread "Start Level: Equinox Container: 4dafe727-6ca8-4be0-b55a-0cbb9fa0af97" daemon [_thread_in_native, id=24964, stack(0x00000017b7000000,0x00000017b7100000) (1024K)]
  0x000001f87d9086c0 JavaThread "Bundle File Closer"         daemon [_thread_blocked, id=15836, stack(0x00000017b7200000,0x00000017b7300000) (1024K)]
  0x000001f87d853d60 JavaThread "SCR Component Actor"        daemon [_thread_blocked, id=24264, stack(0x00000017b7100000,0x00000017b7200000) (1024K)]
  0x000001f87da17370 JavaThread "Worker-JM"                         [_thread_blocked, id=26500, stack(0x00000017b7400000,0x00000017b7500000) (1024K)]
  0x000001f87ddcdf30 JavaThread "C2 CompilerThread1"         daemon [_thread_blocked, id=26524, stack(0x00000017b7300000,0x00000017b7400000) (1024K)]
Total: 19

Other Threads:
  0x000001f8779df8d0 VMThread "VM Thread"                           [id=25972, stack(0x00000017b5f00000,0x00000017b6000000) (1024K)]
  0x000001f87797ca00 WatcherThread "VM Periodic Task Thread"        [id=12660, stack(0x00000017b5e00000,0x00000017b5f00000) (1024K)]
  0x000001f86101ca10 WorkerThread "GC Thread#0"                     [id=16232, stack(0x00000017b5d00000,0x00000017b5e00000) (1024K)]
  0x000001f87d3b8550 WorkerThread "GC Thread#1"                     [id=19064, stack(0x00000017b6b00000,0x00000017b6c00000) (1024K)]
  0x000001f87d2fc570 WorkerThread "GC Thread#2"                     [id=25468, stack(0x00000017b6c00000,0x00000017b6d00000) (1024K)]
  0x000001f87d2fc920 WorkerThread "GC Thread#3"                     [id=7228, stack(0x00000017b6d00000,0x00000017b6e00000) (1024K)]
Total: 6

Threads with active compile tasks:
C2 CompilerThread0  6657 3074       4       org.eclipse.core.internal.dtree.DataTreeReader::readNode (248 bytes)
Total: 1

VM state: not at safepoint (normal execution)

VM Mutex/Monitor currently owned by a thread: None

Heap address: 0x0000000080000000, size: 2048 MB, Compressed Oops mode: 32-bit

CDS archive(s) mapped at: [0x000001f800000000-0x000001f800ba0000-0x000001f800ba0000), size 12189696, SharedBaseAddress: 0x000001f800000000, ArchiveRelocationMode: 1.
Compressed class space mapped at: 0x000001f801000000-0x000001f841000000, reserved size: 1073741824
Narrow klass base: 0x000001f800000000, Narrow klass shift: 0, Narrow klass range: 0x100000000

GC Precious Log:
 CardTable entry size: 512
 CPUs: 4 total, 4 available
 Memory: 16311M
 Large Page Support: Disabled
 NUMA Support: Disabled
 Compressed Oops: Enabled (32-bit)
 Alignments: Space 512K, Generation 512K, Heap 2M
 Heap Min Capacity: 100M
 Heap Initial Capacity: 100M
 Heap Max Capacity: 2G
 Pre-touch: Disabled
 Parallel Workers: 4

Heap:
 PSYoungGen      total 29184K, used 7486K [0x00000000d5580000, 0x00000000d7a00000, 0x0000000100000000)
  eden space 25088K, 13% used [0x00000000d5580000,0x00000000d58d2db0,0x00000000d6e00000)
  from space 4096K, 99% used [0x00000000d6e80000,0x00000000d727cc40,0x00000000d7280000)
  to   space 6144K, 0% used [0x00000000d7400000,0x00000000d7400000,0x00000000d7a00000)
 ParOldGen       total 68608K, used 8595K [0x0000000080000000, 0x0000000084300000, 0x00000000d5580000)
  object space 68608K, 12% used [0x0000000080000000,0x0000000080864f40,0x0000000084300000)
 Metaspace       used 15643K, committed 16320K, reserved 1114112K
  class space    used 1627K, committed 1920K, reserved 1048576K

Card table byte_map: [0x000001f8609c0000,0x000001f860dd0000] _byte_map_base: 0x000001f8605c0000

Marking Bits: (ParMarkBitMap*) 0x00007ffe62193450
 Begin Bits: [0x000001f8734a0000, 0x000001f8754a0000)
 End Bits:   [0x000001f8754a0000, 0x000001f8774a0000)

Polling page: 0x000001f8607b0000

Metaspace:

Usage:
  Non-class:     13.69 MB used.
      Class:      1.59 MB used.
       Both:     15.28 MB used.

Virtual space:
  Non-class space:       64.00 MB reserved,      14.06 MB ( 22%) committed,  1 nodes.
      Class space:        1.00 GB reserved,       1.88 MB ( <1%) committed,  1 nodes.
             Both:        1.06 GB reserved,      15.94 MB (  1%) committed. 

Chunk freelists:
   Non-Class:  1.55 MB
       Class:  13.95 MB
        Both:  15.50 MB

MaxMetaspaceSize: unlimited
CompressedClassSpaceSize: 1.00 GB
Initial GC threshold: 21.00 MB
Current GC threshold: 21.00 MB
CDS: on
 - commit_granule_bytes: 65536.
 - commit_granule_words: 8192.
 - virtual_space_node_default_size: 8388608.
 - enlarge_chunks_in_place: 1.
 - use_allocation_guard: 0.


Internal statistics:

num_allocs_failed_limit: 0.
num_arena_births: 432.
num_arena_deaths: 0.
num_vsnodes_births: 2.
num_vsnodes_deaths: 0.
num_space_committed: 255.
num_space_uncommitted: 0.
num_chunks_returned_to_freelist: 0.
num_chunks_taken_from_freelist: 979.
num_chunk_merges: 0.
num_chunk_splits: 625.
num_chunks_enlarged: 397.
num_inconsistent_stats: 0.

CodeHeap 'non-profiled nmethods': size=120000Kb used=1470Kb max_used=1470Kb free=118530Kb
 bounds [0x000001f86bcc0000, 0x000001f86bf30000, 0x000001f8731f0000]
CodeHeap 'profiled nmethods': size=120000Kb used=6206Kb max_used=6206Kb free=113794Kb
 bounds [0x000001f8641f0000, 0x000001f864800000, 0x000001f86b720000]
CodeHeap 'non-nmethods': size=5760Kb used=1262Kb max_used=1311Kb free=4498Kb
 bounds [0x000001f86b720000, 0x000001f86b990000, 0x000001f86bcc0000]
CodeCache: size=245760Kb, used=8938Kb, max_used=8987Kb, free=236822Kb
 total_blobs=3613, nmethods=3077, adapters=442, full_count=0
Compilation: enabled, stopped_count=0, restarted_count=0

Compilation events (20 events):
Event: 6.442 Thread 0x000001f8779f1a80 3070       4       org.eclipse.core.runtime.Path::<init> (37 bytes)
Event: 6.443 Thread 0x000001f8779f1a80 nmethod 3070 0x000001f86be24c90 code [0x000001f86be24e20, 0x000001f86be24f18]
Event: 6.443 Thread 0x000001f8779f1a80 3071       4       org.eclipse.core.runtime.Path::append (147 bytes)
Event: 6.450 Thread 0x000001f8779f1a80 nmethod 3071 0x000001f86be25010 code [0x000001f86be25260, 0x000001f86be25cb0]
Event: 6.450 Thread 0x000001f8779f1a80 3072       4       org.eclipse.core.internal.resources.Workspace::newElement (98 bytes)
Event: 6.452 Thread 0x000001f8779f1a80 nmethod 3072 0x000001f86be26310 code [0x000001f86be264a0, 0x000001f86be26690]
Event: 6.453 Thread 0x000001f8779f1a80 3073       4       org.eclipse.core.internal.resources.SaveManager::readElement (46 bytes)
Event: 6.511 Thread 0x000001f8779f1a80 nmethod 3073 0x000001f86be26810 code [0x000001f86be26ae0, 0x000001f86be27780]
Event: 6.512 Thread 0x000001f8779f1a80 3074       4       org.eclipse.core.internal.dtree.DataTreeReader::readNode (248 bytes)
Event: 6.515 Thread 0x000001f87ddcdf30 nmethod 3057 0x000001f86be28810 code [0x000001f86be28c00, 0x000001f86be2b9d0]
Event: 6.515 Thread 0x000001f87ddcdf30 3076       4       org.eclipse.core.internal.dtree.AbstractDataTreeNode::<init> (34 bytes)
Event: 6.516 Thread 0x000001f87ddcdf30 nmethod 3076 0x000001f86be2d790 code [0x000001f86be2d920, 0x000001f86be2da08]
Event: 6.516 Thread 0x000001f87ddcdf30 3075       4       org.eclipse.core.internal.resources.ResourceInfo::readFrom (49 bytes)
Event: 6.526 Thread 0x000001f87ddcdf30 nmethod 3075 0x000001f86be2db10 code [0x000001f86be2dd80, 0x000001f86be2e650]
Event: 6.579 Thread 0x000001f877a634f0 3077   !   3       java.lang.ref.ReferenceQueue::poll (40 bytes)
Event: 6.579 Thread 0x000001f877a634f0 nmethod 3077 0x000001f8647fb210 code [0x000001f8647fb480, 0x000001f8647fbed0]
Event: 6.606 Thread 0x000001f877a634f0 3079       3       java.io.DataInputStream::readUTF (501 bytes)
Event: 6.606 Thread 0x000001f87ddcdf30 3080       4       org.eclipse.core.runtime.Assert::isNotNull (19 bytes)
Event: 6.607 Thread 0x000001f87ddcdf30 nmethod 3080 0x000001f86be2f510 code [0x000001f86be2f6a0, 0x000001f86be2f728]
Event: 6.607 Thread 0x000001f877a634f0 nmethod 3079 0x000001f8647fc290 code [0x000001f8647fc6c0, 0x000001f8647fe430]

GC Heap History (10 events):
Event: 1.848 GC heap before
{Heap before GC invocations=1 (full 0):
 PSYoungGen      total 29696K, used 25600K [0x00000000d5580000, 0x00000000d7680000, 0x0000000100000000)
  eden space 25600K, 100% used [0x00000000d5580000,0x00000000d6e80000,0x00000000d6e80000)
  from space 4096K, 0% used [0x00000000d7280000,0x00000000d7280000,0x00000000d7680000)
  to   space 4096K, 0% used [0x00000000d6e80000,0x00000000d6e80000,0x00000000d7280000)
 ParOldGen       total 68608K, used 0K [0x0000000080000000, 0x0000000084300000, 0x00000000d5580000)
  object space 68608K, 0% used [0x0000000080000000,0x0000000080000000,0x0000000084300000)
 Metaspace       used 4375K, committed 4608K, reserved 1114112K
  class space    used 474K, committed 576K, reserved 1048576K
}
Event: 1.950 GC heap after
{Heap after GC invocations=1 (full 0):
 PSYoungGen      total 29696K, used 3271K [0x00000000d5580000, 0x00000000d7680000, 0x0000000100000000)
  eden space 25600K, 0% used [0x00000000d5580000,0x00000000d5580000,0x00000000d6e80000)
  from space 4096K, 79% used [0x00000000d6e80000,0x00000000d71b1e98,0x00000000d7280000)
  to   space 4096K, 0% used [0x00000000d7280000,0x00000000d7280000,0x00000000d7680000)
 ParOldGen       total 68608K, used 0K [0x0000000080000000, 0x0000000084300000, 0x00000000d5580000)
  object space 68608K, 0% used [0x0000000080000000,0x0000000080000000,0x0000000084300000)
 Metaspace       used 4375K, committed 4608K, reserved 1114112K
  class space    used 474K, committed 576K, reserved 1048576K
}
Event: 3.385 GC heap before
{Heap before GC invocations=2 (full 0):
 PSYoungGen      total 29696K, used 28871K [0x00000000d5580000, 0x00000000d7680000, 0x0000000100000000)
  eden space 25600K, 100% used [0x00000000d5580000,0x00000000d6e80000,0x00000000d6e80000)
  from space 4096K, 79% used [0x00000000d6e80000,0x00000000d71b1e98,0x00000000d7280000)
  to   space 4096K, 0% used [0x00000000d7280000,0x00000000d7280000,0x00000000d7680000)
 ParOldGen       total 68608K, used 0K [0x0000000080000000, 0x0000000084300000, 0x00000000d5580000)
  object space 68608K, 0% used [0x0000000080000000,0x0000000080000000,0x0000000084300000)
 Metaspace       used 8000K, committed 8256K, reserved 1114112K
  class space    used 828K, committed 960K, reserved 1048576K
}
Event: 3.391 GC heap after
{Heap after GC invocations=2 (full 0):
 PSYoungGen      total 29696K, used 4070K [0x00000000d5580000, 0x00000000d7680000, 0x0000000100000000)
  eden space 25600K, 0% used [0x00000000d5580000,0x00000000d5580000,0x00000000d6e80000)
  from space 4096K, 99% used [0x00000000d7280000,0x00000000d7679820,0x00000000d7680000)
  to   space 4096K, 0% used [0x00000000d6e80000,0x00000000d6e80000,0x00000000d7280000)
 ParOldGen       total 68608K, used 2055K [0x0000000080000000, 0x0000000084300000, 0x00000000d5580000)
  object space 68608K, 2% used [0x0000000080000000,0x0000000080201eb8,0x0000000084300000)
 Metaspace       used 8000K, committed 8256K, reserved 1114112K
  class space    used 828K, committed 960K, reserved 1048576K
}
Event: 4.231 GC heap before
{Heap before GC invocations=3 (full 0):
 PSYoungGen      total 29696K, used 29670K [0x00000000d5580000, 0x00000000d7680000, 0x0000000100000000)
  eden space 25600K, 100% used [0x00000000d5580000,0x00000000d6e80000,0x00000000d6e80000)
  from space 4096K, 99% used [0x00000000d7280000,0x00000000d7679820,0x00000000d7680000)
  to   space 4096K, 0% used [0x00000000d6e80000,0x00000000d6e80000,0x00000000d7280000)
 ParOldGen       total 68608K, used 2055K [0x0000000080000000, 0x0000000084300000, 0x00000000d5580000)
  object space 68608K, 2% used [0x0000000080000000,0x0000000080201eb8,0x0000000084300000)
 Metaspace       used 9494K, committed 9856K, reserved 1114112K
  class space    used 1011K, committed 1152K, reserved 1048576K
}
Event: 4.237 GC heap after
{Heap after GC invocations=3 (full 0):
 PSYoungGen      total 29696K, used 4076K [0x00000000d5580000, 0x00000000d7680000, 0x0000000100000000)
  eden space 25600K, 0% used [0x00000000d5580000,0x00000000d5580000,0x00000000d6e80000)
  from space 4096K, 99% used [0x00000000d6e80000,0x00000000d727b368,0x00000000d7280000)
  to   space 4096K, 0% used [0x00000000d7280000,0x00000000d7280000,0x00000000d7680000)
 ParOldGen       total 68608K, used 5080K [0x0000000080000000, 0x0000000084300000, 0x00000000d5580000)
  object space 68608K, 7% used [0x0000000080000000,0x00000000804f6268,0x0000000084300000)
 Metaspace       used 9494K, committed 9856K, reserved 1114112K
  class space    used 1011K, committed 1152K, reserved 1048576K
}
Event: 5.351 GC heap before
{Heap before GC invocations=4 (full 0):
 PSYoungGen      total 29696K, used 29676K [0x00000000d5580000, 0x00000000d7680000, 0x0000000100000000)
  eden space 25600K, 100% used [0x00000000d5580000,0x00000000d6e80000,0x00000000d6e80000)
  from space 4096K, 99% used [0x00000000d6e80000,0x00000000d727b368,0x00000000d7280000)
  to   space 4096K, 0% used [0x00000000d7280000,0x00000000d7280000,0x00000000d7680000)
 ParOldGen       total 68608K, used 5080K [0x0000000080000000, 0x0000000084300000, 0x00000000d5580000)
  object space 68608K, 7% used [0x0000000080000000,0x00000000804f6268,0x0000000084300000)
 Metaspace       used 11746K, committed 12096K, reserved 1114112K
  class space    used 1245K, committed 1408K, reserved 1048576K
}
Event: 5.355 GC heap after
{Heap after GC invocations=4 (full 0):
 PSYoungGen      total 29696K, used 4089K [0x00000000d5580000, 0x00000000d7680000, 0x0000000100000000)
  eden space 25600K, 0% used [0x00000000d5580000,0x00000000d5580000,0x00000000d6e80000)
  from space 4096K, 99% used [0x00000000d7280000,0x00000000d767e6a0,0x00000000d7680000)
  to   space 4096K, 0% used [0x00000000d6e80000,0x00000000d6e80000,0x00000000d7280000)
 ParOldGen       total 68608K, used 6729K [0x0000000080000000, 0x0000000084300000, 0x00000000d5580000)
  object space 68608K, 9% used [0x0000000080000000,0x0000000080692480,0x0000000084300000)
 Metaspace       used 11746K, committed 12096K, reserved 1114112K
  class space    used 1245K, committed 1408K, reserved 1048576K
}
Event: 6.418 GC heap before
{Heap before GC invocations=5 (full 0):
 PSYoungGen      total 29696K, used 29689K [0x00000000d5580000, 0x00000000d7680000, 0x0000000100000000)
  eden space 25600K, 100% used [0x00000000d5580000,0x00000000d6e80000,0x00000000d6e80000)
  from space 4096K, 99% used [0x00000000d7280000,0x00000000d767e6a0,0x00000000d7680000)
  to   space 4096K, 0% used [0x00000000d6e80000,0x00000000d6e80000,0x00000000d7280000)
 ParOldGen       total 68608K, used 6729K [0x0000000080000000, 0x0000000084300000, 0x00000000d5580000)
  object space 68608K, 9% used [0x0000000080000000,0x0000000080692480,0x0000000084300000)
 Metaspace       used 15546K, committed 16192K, reserved 1114112K
  class space    used 1615K, committed 1920K, reserved 1048576K
}
Event: 6.424 GC heap after
{Heap after GC invocations=5 (full 0):
 PSYoungGen      total 29184K, used 4083K [0x00000000d5580000, 0x00000000d7a00000, 0x0000000100000000)
  eden space 25088K, 0% used [0x00000000d5580000,0x00000000d5580000,0x00000000d6e00000)
  from space 4096K, 99% used [0x00000000d6e80000,0x00000000d727cc40,0x00000000d7280000)
  to   space 6144K, 0% used [0x00000000d7400000,0x00000000d7400000,0x00000000d7a00000)
 ParOldGen       total 68608K, used 8595K [0x0000000080000000, 0x0000000084300000, 0x00000000d5580000)
  object space 68608K, 12% used [0x0000000080000000,0x0000000080864f40,0x0000000084300000)
 Metaspace       used 15546K, committed 16192K, reserved 1114112K
  class space    used 1615K, committed 1920K, reserved 1048576K
}

Dll operation events (9 events):
Event: 0.019 Loaded shared library c:\Users\seppu\.vscode\extensions\redhat.java-1.53.0-win32-x64\jre\21.0.10-win32-x86_64\bin\java.dll
Event: 0.283 Loaded shared library c:\Users\seppu\.vscode\extensions\redhat.java-1.53.0-win32-x64\jre\21.0.10-win32-x86_64\bin\zip.dll
Event: 0.355 Loaded shared library C:\Users\seppu\.vscode\extensions\redhat.java-1.53.0-win32-x64\jre\21.0.10-win32-x86_64\bin\instrument.dll
Event: 0.362 Loaded shared library C:\Users\seppu\.vscode\extensions\redhat.java-1.53.0-win32-x64\jre\21.0.10-win32-x86_64\bin\net.dll
Event: 0.364 Loaded shared library C:\Users\seppu\.vscode\extensions\redhat.java-1.53.0-win32-x64\jre\21.0.10-win32-x86_64\bin\nio.dll
Event: 0.367 Loaded shared library C:\Users\seppu\.vscode\extensions\redhat.java-1.53.0-win32-x64\jre\21.0.10-win32-x86_64\bin\zip.dll
Event: 0.452 Loaded shared library C:\Users\seppu\.vscode\extensions\redhat.java-1.53.0-win32-x64\jre\21.0.10-win32-x86_64\bin\jimage.dll
Event: 0.603 Loaded shared library c:\Users\seppu\.vscode\extensions\redhat.java-1.53.0-win32-x64\jre\21.0.10-win32-x86_64\bin\verify.dll
Event: 3.431 Loaded shared library C:\Users\seppu\AppData\Roaming\Code\User\globalStorage\redhat.java\1.53.0\config_win\org.eclipse.equinox.launcher\org.eclipse.equinox.launcher.win32.win32.x86_64_1.3.0.v20260203-2149\eclipse_11919.dll

Deoptimization events (20 events):
Event: 6.578 Thread 0x000001f87d7a1590 Uncommon trap: trap_request=0xffffff45 fr.pc=0x000001f86bdef894 relative=0x0000000000000074
Event: 6.578 Thread 0x000001f87d7a1590 Uncommon trap: reason=unstable_if action=reinterpret pc=0x000001f86bdef894 method=java.lang.ref.ReferenceQueue.poll()Ljava/lang/ref/Reference; @ 4 c2
Event: 6.578 Thread 0x000001f87d7a1590 DEOPT PACKING pc=0x000001f86bdef894 sp=0x00000017b70f8640
Event: 6.578 Thread 0x000001f87d7a1590 DEOPT UNPACKING pc=0x000001f86b773aa2 sp=0x00000017b70f85c8 mode 2
Event: 6.596 Thread 0x000001f87d7a1590 Uncommon trap: trap_request=0xffffff45 fr.pc=0x000001f86bdf90f0 relative=0x0000000000000bb0
Event: 6.596 Thread 0x000001f87d7a1590 Uncommon trap: reason=unstable_if action=reinterpret pc=0x000001f86bdf90f0 method=java.io.BufferedInputStream.implRead([BII)I @ 55 c2
Event: 6.596 Thread 0x000001f87d7a1590 DEOPT PACKING pc=0x000001f86bdf90f0 sp=0x00000017b70f9820
Event: 6.596 Thread 0x000001f87d7a1590 DEOPT UNPACKING pc=0x000001f86b773aa2 sp=0x00000017b70f9758 mode 2
Event: 6.596 Thread 0x000001f87d7a1590 Uncommon trap: trap_request=0xffffff45 fr.pc=0x000001f86be003dc relative=0x0000000000000d5c
Event: 6.596 Thread 0x000001f87d7a1590 Uncommon trap: reason=unstable_if action=reinterpret pc=0x000001f86be003dc method=java.io.DataInputStream.readFully([BII)V @ 37 c2
Event: 6.596 Thread 0x000001f87d7a1590 DEOPT PACKING pc=0x000001f86be003dc sp=0x00000017b70f99a0
Event: 6.596 Thread 0x000001f87d7a1590 DEOPT UNPACKING pc=0x000001f86b773aa2 sp=0x00000017b70f9880 mode 2
Event: 6.606 Thread 0x000001f87d7a1590 Uncommon trap: trap_request=0xffffff45 fr.pc=0x000001f86bd46fbc relative=0x00000000000005fc
Event: 6.606 Thread 0x000001f87d7a1590 Uncommon trap: reason=unstable_if action=reinterpret pc=0x000001f86bd46fbc method=java.io.BufferedInputStream.implRead([BII)I @ 55 c2
Event: 6.606 Thread 0x000001f87d7a1590 DEOPT PACKING pc=0x000001f86bd46fbc sp=0x00000017b70f9630
Event: 6.606 Thread 0x000001f87d7a1590 DEOPT UNPACKING pc=0x000001f86b773aa2 sp=0x00000017b70f9608 mode 2
Event: 6.606 Thread 0x000001f87d7a1590 Uncommon trap: trap_request=0xffffff45 fr.pc=0x000001f86bdfeabc relative=0x000000000000017c
Event: 6.606 Thread 0x000001f87d7a1590 Uncommon trap: reason=unstable_if action=reinterpret pc=0x000001f86bdfeabc method=java.io.DataInputStream.readFully([BII)V @ 37 c2
Event: 6.606 Thread 0x000001f87d7a1590 DEOPT PACKING pc=0x000001f86bdfeabc sp=0x00000017b70f9850
Event: 6.606 Thread 0x000001f87d7a1590 DEOPT UNPACKING pc=0x000001f86b773aa2 sp=0x00000017b70f97e0 mode 2

Classes loaded (20 events):
Event: 6.015 Loading class java/text/FieldPosition$Delegate
Event: 6.016 Loading class java/text/FieldPosition$Delegate done
Event: 6.016 Loading class java/text/MessageFormat$Field
Event: 6.016 Loading class java/text/MessageFormat$Field done
Event: 6.035 Loading class java/util/stream/SortedOps
Event: 6.035 Loading class java/util/stream/SortedOps done
Event: 6.035 Loading class java/util/stream/SortedOps$OfRef
Event: 6.035 Loading class java/util/stream/ReferencePipeline$StatefulOp
Event: 6.035 Loading class java/util/stream/ReferencePipeline$StatefulOp done
Event: 6.035 Loading class java/util/stream/SortedOps$OfRef done
Event: 6.036 Loading class java/util/stream/SortedOps$RefSortingSink
Event: 6.036 Loading class java/util/stream/SortedOps$AbstractRefSortingSink
Event: 6.036 Loading class java/util/stream/SortedOps$AbstractRefSortingSink done
Event: 6.036 Loading class java/util/stream/SortedOps$RefSortingSink done
Event: 6.336 Loading class java/util/zip/ZipOutputStream
Event: 6.336 Loading class java/util/zip/DeflaterOutputStream
Event: 6.336 Loading class java/util/zip/DeflaterOutputStream done
Event: 6.336 Loading class java/util/zip/ZipOutputStream done
Event: 6.582 Loading class java/io/FilenameFilter
Event: 6.582 Loading class java/io/FilenameFilter done

Classes unloaded (0 events):
No events

Classes redefined (0 events):
No events

Internal exceptions (20 events):
Event: 3.425 Thread 0x000001f860ffc540 Exception <a 'java/lang/UnsatisfiedLinkError'{0x00000000d55e2f98}: 'void org.eclipse.equinox.launcher.JNIBridge._update_splash()'> (0x00000000d55e2f98) 
thrown [s\src\hotspot\share\prims\nativeLookup.cpp, line 415]
Event: 3.580 Thread 0x000001f87d49bed0 Exception <a 'java/lang/NoSuchMethodError'{0x00000000d586b230}: 'void java.lang.invoke.DirectMethodHandle$Holder.invokeInterface(java.lang.Object, java.lang.Object, java.lang.Object)'> (0x00000000d586b230) 
thrown [s\src\hotspot\share\interpreter\linkResolver.cpp, line 773]
Event: 3.696 Thread 0x000001f87d7a1590 Exception <a 'java/lang/NoSuchMethodError'{0x00000000d5c53910}: 'java.lang.Object java.lang.invoke.DirectMethodHandle$Holder.newInvokeSpecial(java.lang.Object, java.lang.Object, int, java.lang.Object)'> (0x00000000d5c53910) 
thrown [s\src\hotspot\share\interpreter\linkResolver.cpp, line 773]
Event: 3.696 Thread 0x000001f87d7a1590 Exception <a 'java/lang/NoSuchMethodError'{0x00000000d5c57740}: 'java.lang.Object java.lang.invoke.DirectMethodHandle$Holder.invokeSpecial(java.lang.Object, java.lang.Object, java.lang.Object, int, java.lang.Object)'> (0x00000000d5c57740) 
thrown [s\src\hotspot\share\interpreter\linkResolver.cpp, line 773]
Event: 3.708 Thread 0x000001f87d7a1590 Exception <a 'java/lang/NoClassDefFoundError'{0x00000000d5cfe6e8}: jakarta/servlet/ServletContainerInitializer> (0x00000000d5cfe6e8) 
thrown [s\src\hotspot\share\classfile\systemDictionary.cpp, line 301]
Event: 3.752 Thread 0x000001f87d7a1590 Exception <a 'java/lang/NoSuchMethodError'{0x00000000d5e244b8}: 'java.lang.Object java.lang.invoke.DirectMethodHandle$Holder.invokeStatic(java.lang.Object, int, java.lang.Object)'> (0x00000000d5e244b8) 
thrown [s\src\hotspot\share\interpreter\linkResolver.cpp, line 773]
Event: 3.758 Thread 0x000001f87d7a1590 Exception <a 'java/lang/ClassNotFoundException'{0x00000000d5e88d60}: sun/util/logging/resources/spi/loggingProvider> (0x00000000d5e88d60) 
thrown [s\src\hotspot\share\classfile\systemDictionary.cpp, line 312]
Event: 5.151 Thread 0x000001f87d7a1590 Exception <a 'java/lang/NullPointerException'{0x00000000d66bb008}> (0x00000000d66bb008) 
thrown [s\src\hotspot\share\interpreter\linkResolver.cpp, line 1372]
Event: 5.151 Thread 0x000001f87d7a1590 Exception <a 'java/lang/NullPointerException'{0x00000000d66bb2e8}> (0x00000000d66bb2e8) 
thrown [s\src\hotspot\share\interpreter\linkResolver.cpp, line 1372]
Event: 5.403 Thread 0x000001f87d7a1590 Exception <a 'java/lang/NoSuchMethodError'{0x00000000d578fe20}: 'long java.lang.invoke.DirectMethodHandle$Holder.invokeSpecial(java.lang.Object, java.lang.Object)'> (0x00000000d578fe20) 
thrown [s\src\hotspot\share\interpreter\linkResolver.cpp, line 773]
Event: 5.500 Thread 0x000001f87d7a1590 Exception <a 'java/io/FileNotFoundException'{0x00000000d59dc030}> (0x00000000d59dc030) 
thrown [s\src\hotspot\share\prims\jni.cpp, line 520]
Event: 5.737 Thread 0x000001f87d7a1590 Exception <a 'java/lang/NoSuchMethodError'{0x00000000d5edf460}: 'java.lang.Object java.lang.invoke.Invokers$Holder.linkToTargetMethod(java.lang.Object, long, java.lang.Object)'> (0x00000000d5edf460) 
thrown [s\src\hotspot\share\interpreter\linkResolver.cpp, line 773]
Event: 5.819 Thread 0x000001f87d7a1590 Exception <a 'java/lang/NoSuchMethodError'{0x00000000d63f5b70}: 'void java.lang.invoke.Invokers$Holder.invokeExact_MT(java.lang.Object, java.lang.Object, java.lang.Object)'> (0x00000000d63f5b70) 
thrown [s\src\hotspot\share\interpreter\linkResolver.cpp, line 773]
Event: 5.880 Thread 0x000001f87d7a1590 Exception <a 'java/lang/NoSuchMethodError'{0x00000000d670ef18}: 'java.lang.Object java.lang.invoke.DirectMethodHandle$Holder.invokeVirtual(java.lang.Object, java.lang.Object, java.lang.Object)'> (0x00000000d670ef18) 
thrown [s\src\hotspot\share\interpreter\linkResolver.cpp, line 773]
Event: 5.882 Thread 0x000001f87d7a1590 Exception <a 'java/lang/NoSuchMethodError'{0x00000000d67272b0}: 'java.lang.Object java.lang.invoke.DelegatingMethodHandle$Holder.reinvoke_L(java.lang.Object, java.lang.Object, java.lang.Object, java.lang.Object, int, int)'> (0x00000000d67272b0) 
thrown [s\src\hotspot\share\interpreter\linkResolver.cpp, line 773]
Event: 5.884 Thread 0x000001f87d7a1590 Exception <a 'java/lang/NoSuchMethodError'{0x00000000d6743fd0}: 'java.lang.Object java.lang.invoke.DirectMethodHandle$Holder.newInvokeSpecial(java.lang.Object, java.lang.Object, java.lang.Object, java.lang.Object, java.lang.Object, java.lang.Object)'> (0x00000000d6743fd0) 
thrown [s\src\hotspot\share\interpreter\linkResolver.cpp, line 773]
Event: 5.915 Thread 0x000001f87d7a1590 Exception <a 'java/lang/NoSuchMethodError'{0x00000000d6770428}: 'void java.lang.invoke.Invokers$Holder.invokeExact_MT(java.lang.Object, java.lang.Object, java.lang.Object, java.lang.Object)'> (0x00000000d6770428) 
thrown [s\src\hotspot\share\interpreter\linkResolver.cpp, line 773]
Event: 6.020 Thread 0x000001f87d7a1590 Exception <a 'java/io/FileNotFoundException'{0x00000000d6a5a1c8}> (0x00000000d6a5a1c8) 
thrown [s\src\hotspot\share\prims\jni.cpp, line 520]
Event: 6.021 Thread 0x000001f87d7a1590 Exception <a 'java/io/FileNotFoundException'{0x00000000d6a61c90}> (0x00000000d6a61c90) 
thrown [s\src\hotspot\share\prims\jni.cpp, line 520]
Event: 6.581 Thread 0x000001f87d7a1590 Exception <a 'java/lang/NoSuchMethodError'{0x00000000d5831688}: 'java.lang.Object java.lang.invoke.DirectMethodHandle$Holder.newInvokeSpecial(java.lang.Object, java.lang.Object, java.lang.Object, java.lang.Object, java.lang.Object)'> (0x00000000d5831688) 
thrown [s\src\hotspot\share\interpreter\linkResolver.cpp, line 773]

ZGC Phase Switch (0 events):
No events

VM Operations (20 events):
Event: 3.766 Executing non-safepoint VM operation: HandshakeAllThreads (Deoptimize)
Event: 3.766 Executing non-safepoint VM operation: HandshakeAllThreads (Deoptimize) done
Event: 3.776 Executing non-safepoint VM operation: HandshakeAllThreads (Deoptimize)
Event: 3.776 Executing non-safepoint VM operation: HandshakeAllThreads (Deoptimize) done
Event: 3.831 Executing non-safepoint VM operation: HandshakeAllThreads (Deoptimize)
Event: 3.831 Executing non-safepoint VM operation: HandshakeAllThreads (Deoptimize) done
Event: 4.231 Executing safepoint VM operation: ParallelGCFailedAllocation (Allocation Failure)
Event: 4.237 Executing safepoint VM operation: ParallelGCFailedAllocation (Allocation Failure) done
Event: 4.356 Executing non-safepoint VM operation: HandshakeAllThreads (Deoptimize)
Event: 4.432 Executing non-safepoint VM operation: HandshakeAllThreads (Deoptimize) done
Event: 5.293 Executing non-safepoint VM operation: HandshakeAllThreads (Deoptimize)
Event: 5.293 Executing non-safepoint VM operation: HandshakeAllThreads (Deoptimize) done
Event: 5.293 Executing safepoint VM operation: Cleanup
Event: 5.294 Executing safepoint VM operation: Cleanup done
Event: 5.351 Executing safepoint VM operation: ParallelGCFailedAllocation (Allocation Failure)
Event: 5.355 Executing safepoint VM operation: ParallelGCFailedAllocation (Allocation Failure) done
Event: 6.036 Executing non-safepoint VM operation: HandshakeAllThreads (Deoptimize)
Event: 6.036 Executing non-safepoint VM operation: HandshakeAllThreads (Deoptimize) done
Event: 6.418 Executing safepoint VM operation: ParallelGCFailedAllocation (Allocation Failure)
Event: 6.424 Executing safepoint VM operation: ParallelGCFailedAllocation (Allocation Failure) done

Memory protections (0 events):
No events

Nmethod flushes (0 events):
No events

Events (20 events):
Event: 0.358 Thread 0x000001f860ffc540 Thread added: 0x000001f8787de580
Event: 0.888 Thread 0x000001f860ffc540 Thread added: 0x000001f8787fc060
Event: 0.889 Thread 0x000001f877a634f0 Thread added: 0x000001f8787fc6d0
Event: 1.953 Thread 0x000001f8787fc6d0 Thread exited: 0x000001f8787fc6d0
Event: 2.216 Thread 0x000001f877a634f0 Thread added: 0x000001f87d1fccf0
Event: 2.505 Thread 0x000001f87d1fccf0 Thread exited: 0x000001f87d1fccf0
Event: 2.758 Thread 0x000001f877a634f0 Thread added: 0x000001f87d85da00
Event: 2.977 Thread 0x000001f860ffc540 Thread added: 0x000001f87d49f2b0
Event: 3.423 Thread 0x000001f860ffc540 Thread added: 0x000001f87d49bed0
Event: 3.502 Thread 0x000001f87d85da00 Thread exited: 0x000001f87d85da00
Event: 3.582 Thread 0x000001f87d49bed0 Thread added: 0x000001f87d809610
Event: 3.591 Thread 0x000001f860ffc540 Thread added: 0x000001f87d7a1590
Event: 3.849 Thread 0x000001f877a634f0 Thread added: 0x000001f87d853d60
Event: 4.347 Thread 0x000001f87d7a1590 Thread added: 0x000001f87d9086c0
Event: 5.246 Thread 0x000001f87d853d60 Thread exited: 0x000001f87d853d60
Event: 5.282 Thread 0x000001f87d7a1590 Thread added: 0x000001f87d853d60
Event: 5.411 Thread 0x000001f8779f1a80 Thread added: 0x000001f87d59a800
Event: 5.793 Thread 0x000001f87d7a1590 Thread added: 0x000001f87da17370
Event: 5.850 Thread 0x000001f87d59a800 Thread exited: 0x000001f87d59a800
Event: 6.426 Thread 0x000001f877a634f0 Thread added: 0x000001f87ddcdf30


Dynamic libraries:
0x00007ff7c12d0000 - 0x00007ff7c12de000 	c:\Users\seppu\.vscode\extensions\redhat.java-1.53.0-win32-x64\jre\21.0.10-win32-x86_64\bin\java.exe
0x00007ffea5130000 - 0x00007ffea5347000 	C:\Windows\SYSTEM32\ntdll.dll
0x00007ffea42c0000 - 0x00007ffea4384000 	C:\Windows\System32\KERNEL32.DLL
0x00007ffea2910000 - 0x00007ffea2cc7000 	C:\Windows\System32\KERNELBASE.dll
0x00007ffe9ebf0000 - 0x00007ffe9ec87000 	C:\Windows\SYSTEM32\apphelp.dll
0x00007ffea2cd0000 - 0x00007ffea2de1000 	C:\Windows\System32\ucrtbase.dll
0x00007ffe70f30000 - 0x00007ffe70f48000 	c:\Users\seppu\.vscode\extensions\redhat.java-1.53.0-win32-x64\jre\21.0.10-win32-x86_64\bin\jli.dll
0x00007ffea3e00000 - 0x00007ffea3faf000 	C:\Windows\System32\USER32.dll
0x00007ffea2440000 - 0x00007ffea2466000 	C:\Windows\System32\win32u.dll
0x00007ffea3950000 - 0x00007ffea3979000 	C:\Windows\System32\GDI32.dll
0x00007ffea2470000 - 0x00007ffea2588000 	C:\Windows\System32\gdi32full.dll
0x00007ffea2590000 - 0x00007ffea262a000 	C:\Windows\System32\msvcp_win.dll
0x00007ffe70f10000 - 0x00007ffe70f2e000 	c:\Users\seppu\.vscode\extensions\redhat.java-1.53.0-win32-x64\jre\21.0.10-win32-x86_64\bin\VCRUNTIME140.dll
0x00007ffe96830000 - 0x00007ffe96ac3000 	C:\Windows\WinSxS\amd64_microsoft.windows.common-controls_6595b64144ccf1df_6.0.22621.3672_none_2713b9d173822955\COMCTL32.dll
0x00007ffea4f30000 - 0x00007ffea4fd7000 	C:\Windows\System32\msvcrt.dll
0x00007ffea4390000 - 0x00007ffea43c1000 	C:\Windows\System32\IMM32.DLL
0x00007ffe7a1a0000 - 0x00007ffe7a1ac000 	c:\Users\seppu\.vscode\extensions\redhat.java-1.53.0-win32-x64\jre\21.0.10-win32-x86_64\bin\vcruntime140_1.dll
0x00007ffe62280000 - 0x00007ffe6230d000 	c:\Users\seppu\.vscode\extensions\redhat.java-1.53.0-win32-x64\jre\21.0.10-win32-x86_64\bin\msvcp140.dll
0x00007ffe614d0000 - 0x00007ffe62271000 	c:\Users\seppu\.vscode\extensions\redhat.java-1.53.0-win32-x64\jre\21.0.10-win32-x86_64\bin\server\jvm.dll
0x00007ffea4200000 - 0x00007ffea42b2000 	C:\Windows\System32\ADVAPI32.dll
0x00007ffea4c60000 - 0x00007ffea4d08000 	C:\Windows\System32\sechost.dll
0x00007ffea27a0000 - 0x00007ffea27c8000 	C:\Windows\System32\bcrypt.dll
0x00007ffea4d10000 - 0x00007ffea4e24000 	C:\Windows\System32\RPCRT4.dll
0x00007ffea4950000 - 0x00007ffea49c1000 	C:\Windows\System32\WS2_32.dll
0x00007ffea1ca0000 - 0x00007ffea1ced000 	C:\Windows\SYSTEM32\POWRPROF.dll
0x00007ffe957f0000 - 0x00007ffe95824000 	C:\Windows\SYSTEM32\WINMM.dll
0x00007ffe9c4e0000 - 0x00007ffe9c4ea000 	C:\Windows\SYSTEM32\VERSION.dll
0x00007ffea1c80000 - 0x00007ffea1c93000 	C:\Windows\SYSTEM32\UMPDC.dll
0x00007ffea1490000 - 0x00007ffea14a8000 	C:\Windows\SYSTEM32\kernel.appcore.dll
0x00007ffe66990000 - 0x00007ffe6699a000 	c:\Users\seppu\.vscode\extensions\redhat.java-1.53.0-win32-x64\jre\21.0.10-win32-x86_64\bin\jimage.dll
0x00007ffe94080000 - 0x00007ffe942b2000 	C:\Windows\SYSTEM32\DBGHELP.DLL
0x00007ffea45b0000 - 0x00007ffea493e000 	C:\Windows\System32\combase.dll
0x00007ffea4120000 - 0x00007ffea41f7000 	C:\Windows\System32\OLEAUT32.dll
0x00007ffe7ea10000 - 0x00007ffe7ea42000 	C:\Windows\SYSTEM32\dbgcore.DLL
0x00007ffea27d0000 - 0x00007ffea284b000 	C:\Windows\System32\bcryptPrimitives.dll
0x00007ffe64250000 - 0x00007ffe6425f000 	c:\Users\seppu\.vscode\extensions\redhat.java-1.53.0-win32-x64\jre\21.0.10-win32-x86_64\bin\instrument.dll
0x00007ffe614b0000 - 0x00007ffe614d0000 	c:\Users\seppu\.vscode\extensions\redhat.java-1.53.0-win32-x64\jre\21.0.10-win32-x86_64\bin\java.dll
0x00007ffea3090000 - 0x00007ffea38f9000 	C:\Windows\System32\SHELL32.dll
0x00007ffea03b0000 - 0x00007ffea0caf000 	C:\Windows\SYSTEM32\windows.storage.dll
0x00007ffea0270000 - 0x00007ffea03af000 	C:\Windows\SYSTEM32\wintypes.dll
0x00007ffea2ec0000 - 0x00007ffea2fb9000 	C:\Windows\System32\SHCORE.dll
0x00007ffea49d0000 - 0x00007ffea4a2e000 	C:\Windows\System32\shlwapi.dll
0x00007ffea2370000 - 0x00007ffea2397000 	C:\Windows\SYSTEM32\profapi.dll
0x00007ffe61210000 - 0x00007ffe61228000 	c:\Users\seppu\.vscode\extensions\redhat.java-1.53.0-win32-x64\jre\21.0.10-win32-x86_64\bin\zip.dll
0x00007ffe64240000 - 0x00007ffe64250000 	C:\Users\seppu\.vscode\extensions\redhat.java-1.53.0-win32-x64\jre\21.0.10-win32-x86_64\bin\net.dll
0x00007ffe9c750000 - 0x00007ffe9c886000 	C:\Windows\SYSTEM32\WINHTTP.dll
0x00007ffea1900000 - 0x00007ffea1969000 	C:\Windows\system32\mswsock.dll
0x00007ffe611f0000 - 0x00007ffe61206000 	C:\Users\seppu\.vscode\extensions\redhat.java-1.53.0-win32-x64\jre\21.0.10-win32-x86_64\bin\nio.dll
0x00007ffe6c2c0000 - 0x00007ffe6c2d0000 	c:\Users\seppu\.vscode\extensions\redhat.java-1.53.0-win32-x64\jre\21.0.10-win32-x86_64\bin\verify.dll
0x00007ffe66700000 - 0x00007ffe66745000 	C:\Users\seppu\AppData\Roaming\Code\User\globalStorage\redhat.java\1.53.0\config_win\org.eclipse.equinox.launcher\org.eclipse.equinox.launcher.win32.win32.x86_64_1.3.0.v20260203-2149\eclipse_11919.dll
0x00007ffea4a30000 - 0x00007ffea4bd5000 	C:\Windows\System32\ole32.dll

JVMTI agents:
c:\Users\seppu\.vscode\extensions\redhat.java-1.53.0-win32-x64\lombok\lombok-1.18.39-4050.jar path:c:\Users\seppu\.vscode\extensions\redhat.java-1.53.0-win32-x64\jre\21.0.10-win32-x86_64\bin\instrument.dll, loaded, initialized, instrumentlib options:none

dbghelp: loaded successfully - version: 4.0.5 - missing functions: none
symbol engine: initialized successfully - sym options: 0x614 - pdb path: .;c:\Users\seppu\.vscode\extensions\redhat.java-1.53.0-win32-x64\jre\21.0.10-win32-x86_64\bin;C:\Windows\SYSTEM32;C:\Windows\WinSxS\amd64_microsoft.windows.common-controls_6595b64144ccf1df_6.0.22621.3672_none_2713b9d173822955;c:\Users\seppu\.vscode\extensions\redhat.java-1.53.0-win32-x64\jre\21.0.10-win32-x86_64\bin\server;C:\Users\seppu\AppData\Roaming\Code\User\globalStorage\redhat.java\1.53.0\config_win\org.eclipse.equinox.launcher\org.eclipse.equinox.launcher.win32.win32.x86_64_1.3.0.v20260203-2149

VM Arguments:
jvm_args: --add-modules=ALL-SYSTEM --add-opens=java.base/java.util=ALL-UNNAMED --add-opens=java.base/java.lang=ALL-UNNAMED --add-opens=java.base/sun.nio.fs=ALL-UNNAMED -Declipse.application=org.eclipse.jdt.ls.core.id1 -Dosgi.bundles.defaultStartLevel=4 -Declipse.product=org.eclipse.jdt.ls.core.product -Djava.import.generatesMetadataFilesAtProjectRoot=false -DDetectVMInstallationsJob.disabled=true -Dfile.encoding=utf8 -XX:+UseParallelGC -XX:GCTimeRatio=4 -XX:AdaptiveSizePolicyWeight=90 -Dsun.zip.disableMemoryMapping=true -Xmx2G -Xms100m -Xlog:disable -javaagent:c:\Users\seppu\.vscode\extensions\redhat.java-1.53.0-win32-x64\lombok\lombok-1.18.39-4050.jar -XX:+HeapDumpOnOutOfMemoryError -XX:HeapDumpPath=c:\Users\seppu\AppData\Roaming\Code\User\workspaceStorage\f8843cf598b79cefd6074bcf53cf639f\redhat.java -Daether.dependencyCollector.impl=bf 
java_command: c:\Users\seppu\.vscode\extensions\redhat.java-1.53.0-win32-x64\server\plugins\org.eclipse.equinox.launcher_1.7.100.v20251111-0406.jar -configuration c:\Users\seppu\AppData\Roaming\Code\User\globalStorage\redhat.java\1.53.0\config_win -data c:\Users\seppu\AppData\Roaming\Code\User\workspaceStorage\f8843cf598b79cefd6074bcf53cf639f\redhat.java\jdt_ws --pipe=\\.\pipe\lsp-a89a1b63d094dfd18314bddb6af88262-sock
java_class_path (initial): c:\Users\seppu\.vscode\extensions\redhat.java-1.53.0-win32-x64\server\plugins\org.eclipse.equinox.launcher_1.7.100.v20251111-0406.jar
Launcher Type: SUN_STANDARD

[Global flags]
    uintx AdaptiveSizePolicyWeight                 = 90                                        {product} {command line}
     intx CICompilerCount                          = 3                                         {product} {ergonomic}
    uintx GCTimeRatio                              = 4                                         {product} {command line}
     bool HeapDumpOnOutOfMemoryError               = true                                   {manageable} {command line}
    ccstr HeapDumpPath                             = c:\Users\seppu\AppData\Roaming\Code\User\workspaceStorage\f8843cf598b79cefd6074bcf53cf639f\redhat.java         {manageable} {command line}
   size_t InitialHeapSize                          = 104857600                                 {product} {command line}
   size_t MaxHeapSize                              = 2147483648                                {product} {command line}
   size_t MaxNewSize                               = 715653120                                 {product} {ergonomic}
   size_t MinHeapDeltaBytes                        = 524288                                    {product} {ergonomic}
   size_t MinHeapSize                              = 104857600                                 {product} {command line}
   size_t NewSize                                  = 34603008                                  {product} {ergonomic}
    uintx NonNMethodCodeHeapSize                   = 5832780                                {pd product} {ergonomic}
    uintx NonProfiledCodeHeapSize                  = 122912730                              {pd product} {ergonomic}
   size_t OldSize                                  = 70254592                                  {product} {ergonomic}
    uintx ProfiledCodeHeapSize                     = 122912730                              {pd product} {ergonomic}
    uintx ReservedCodeCacheSize                    = 251658240                              {pd product} {ergonomic}
     bool SegmentedCodeCache                       = true                                      {product} {ergonomic}
   size_t SoftMaxHeapSize                          = 2147483648                             {manageable} {ergonomic}
     bool UseCompressedOops                        = true                           {product lp64_product} {ergonomic}
     bool UseLargePagesIndividualAllocation        = false                                  {pd product} {ergonomic}
     bool UseParallelGC                            = true                                      {product} {command line}

Logging:
Log output configuration:
 #0: stdout all=off uptime,level,tags foldmultilines=false
 #1: stderr all=off uptime,level,tags foldmultilines=false

Release file:
JAVA_VERSION="21.0.10" 
MODULES="java.base java.compiler java.datatransfer java.xml java.prefs java.desktop java.instrument java.logging java.management java.security.sasl java.naming java.rmi java.management.rmi java.net.http java.scripting java.security.jgss java.transaction.xa java.sql java.sql.rowset java.xml.crypto java.se java.smartcardio jdk.accessibility jdk.internal.jvmstat jdk.attach jdk.charsets jdk.internal.opt jdk.zipfs jdk.compiler jdk.crypto.ec jdk.crypto.cryptoki jdk.crypto.mscapi jdk.dynalink jdk.internal.ed jdk.editpad jdk.hotspot.agent jdk.httpserver jdk.internal.le jdk.internal.vm.ci jdk.internal.vm.compiler jdk.internal.vm.compiler.management jdk.jartool jdk.javadoc jdk.jcmd jdk.management jdk.management.agent jdk.jconsole jdk.jdeps jdk.jdwp.agent jdk.jdi jdk.jfr jdk.jshell jdk.jsobject jdk.jstatd jdk.localedata jdk.management.jfr jdk.naming.dns jdk.naming.rmi jdk.net jdk.nio.mapmode jdk.random jdk.sctp jdk.security.auth jdk.security.jgss jdk.unsupported jdk.unsupported.desktop jdk.xml.dom" 

Environment Variables:
PATH=C:\Users\seppu\AppData\Local\Programs\Microsoft VS Code;C:\Program Files\Common Files\Oracle\Java\javapath;C:\Program Files (x86)\Common Files\Oracle\Java\java8path;C:\Program Files (x86)\Common Files\Oracle\Java\javapath;C:\Program Files (x86)\Razer Chroma SDK\bin;C:\Program Files\Razer Chroma SDK\bin;C:\Program Files (x86)\Razer\ChromaBroadcast\bin;C:\Program Files\Razer\ChromaBroadcast\bin;C:\Windows\system32;C:\Windows;C:\Windows\System32\Wbem;C:\Windows\System32\WindowsPowerShell\v1.0\;C:\Windows\System32\OpenSSH\;C:\Program Files (x86)\NVIDIA Corporation\PhysX\Common;C:\Program Files\NVIDIA Corporation\NVIDIA NvDLISR;C:\Users\seppu\AppData\Local\Programs\Python\Python312\Scripts\;C:\Users\seppu\AppData\Local\Programs\Python\Python312\;C:\Users\seppu\AppData\Local\Microsoft\WindowsApps;C:\Windows\system32\config\systemprofile\AppData\Local\Microsoft\WindowsApps;C:\Program Files\dotnet\;C:\Program Files\nodejs\;C:\Program Files\Git\cmd;C:\Users\seppu\.local\bin;C:\Users\seppu\AppData\Local\Programs\Python\Python312\Scripts\;C:\Users\seppu\AppData\Local\Programs\Python\Python312\;C:\Users\seppu\AppData\Local\Microsoft\WindowsApps;C:\Users\seppu\AppData\Local\Programs\Microsoft VS Code\bin;C:\Users\seppu\.dotnet\tools;C:\Users\seppu\AppData\Roaming\npm;C:\Users\seppu\AppData\Local\Programs\SoundSwitch;C:\Users\seppu\AppData\Local\Programs\MiKTeX\miktex\bin\x64\;C:\Users\seppu\AppData\Local\Microsoft\WinGet\Packages\Gyan.FFmpeg_Microsoft.Winget.Source_8wekyb3d8bbwe\ffmpeg-8.0.1-full_build\bin
USERNAME=seppu
OS=Windows_NT
PROCESSOR_IDENTIFIER=Intel64 Family 6 Model 94 Stepping 3, GenuineIntel
TMP=C:\Users\seppu\AppData\Local\Temp
TEMP=C:\Users\seppu\AppData\Local\Temp




Periodic native trim disabled

---------------  S Y S T E M  ---------------

OS:
 Windows 11 , 64 bit Build 22621 (10.0.22621.3958)
OS uptime: 0 days 0:48 hours

CPU: total 4 (initial active 4) (4 cores per cpu, 1 threads per core) family 6 model 94 stepping 3 microcode 0xd6, cx8, cmov, fxsr, mmx, 3dnowpref, sse, sse2, sse3, ssse3, sse4.1, sse4.2, popcnt, lzcnt, tsc, tscinvbit, avx, avx2, aes, erms, clmul, bmi1, bmi2, rtm, adx, fma, vzeroupper, clflush, clflushopt, rdtscp, f16c
Processor Information for the first 4 processors :
  Max Mhz: 3201, Current Mhz: 3201, Mhz Limit: 3201

Memory: 4k page, system-wide physical 16311M (436M free)
TotalPageFile size 65463M (AvailPageFile size 3M)
current process WorkingSet (physical memory assigned to process): 126M, peak: 127M
current process commit charge ("private bytes"): 255M, peak: 256M

vm_info: OpenJDK 64-Bit Server VM (21.0.10+7-LTS) for windows-amd64 JRE (21.0.10+7-LTS), built on 2026-01-20T00:00:00Z by "admin" with MS VC++ 17.12 (VS2022)

END.
